<?xml version="1.0" encoding="UTF-8"?>
<!-- Generated by org.testng.reporters.JUnitReportReporter -->
<testsuite skipped="0" hostname="Shakthi" name="Seleniumprojec.Testcases" tests="1" failures="0" timestamp="26 Sep 2019 11:27:48 GMT" time="41.593" errors="0">
  <testcase name="verifyValidLogin" time="41.593" classname="Seleniumprojec.Testcases"/>
</testsuite> <!-- Seleniumprojec.Testcases -->
